<?xml version="1.0" encoding="UTF-8" ?>
<testsuite errors="0" failures="0" hostname="scooter" name="blog.models.MessageTest" tests="1" time="59.205" timestamp="2011-11-05T06:45:52">
  <properties>
    <property name="java.vendor" value="Sun Microsystems Inc." />
    <property name="app.tests.outdir" value="webapps/blog/static/docs/tests" />
    <property name="lib.dir" value="lib" />
    <property name="serverjar.name" value="server.jar" />
    <property name="sun.java.launcher" value="SUN_STANDARD" />
    <property name="sun.management.compiler" value="HotSpot Client Compiler" />
    <property name="app.functionaltestsrc.dir" value="webapps/blog/WEB-INF/test/functional" />
    <property name="os.name" value="Windows Vista" />
    <property name="jar.outdir" value="build/jar" />
    <property name="sun.boot.class.path" value="c:\dev\devenv\jdk1.5.0_22\jre\lib\rt.jar;c:\dev\devenv\jdk1.5.0_22\jre\lib\i18n.jar;c:\dev\devenv\jdk1.5.0_22\jre\lib\sunrsasign.jar;c:\dev\devenv\jdk1.5.0_22\jre\lib\jsse.jar;c:\dev\devenv\jdk1.5.0_22\jre\lib\jce.jar;c:\dev\devenv\jdk1.5.0_22\jre\lib\charsets.jar;c:\dev\devenv\jdk1.5.0_22\jre\classes" />
    <property name="TODAY" value="November 5 2011" />
    <property name="generatesignonjar.name" value="generate-signon.jar" />
    <property name="javac.target" value="1.5" />
    <property name="sun.desktop" value="windows" />
    <property name="java.vm.specification.vendor" value="Sun Microsystems Inc." />
    <property name="ant.home" value="c:\dev\devenv\ant\bin\.." />
    <property name="java.runtime.version" value="1.5.0_22-b03" />
    <property name="user.name" value="Fei" />
    <property name="scooterjar.name" value="scooter.jar" />
    <property name="app.functionaltests.outdir" value="webapps/blog/static/docs/tests/functional" />
    <property name="ant.file.type.scooter" value="file" />
    <property name="testsrc.dir" value="source/test" />
    <property name="connectiontestjar.name" value="connection-test.jar" />
    <property name="user.language" value="en" />
    <property name="javadoc.outdir" value="docs/javadoc" />
    <property name="sun.boot.library.path" value="c:\dev\devenv\jdk1.5.0_22\jre\bin" />
    <property name="compile.outdir" value="build/classes" />
    <property name="ant.project.default-target" value="usage" />
    <property name="ant.project.name" value="scooter" />
    <property name="DSTAMP" value="20111105" />
    <property name="java.version" value="1.5.0_22" />
    <property name="app.testsrc.dir" value="webapps/blog/WEB-INF/test" />
    <property name="user.timezone" value="" />
    <property name="sun.arch.data.model" value="32" />
    <property name="java.endorsed.dirs" value="c:\dev\devenv\jdk1.5.0_22\jre\lib\endorsed" />
    <property name="sun.cpu.isalist" value="pentium_pro+mmx pentium_pro pentium+mmx pentium i486 i386 i86" />
    <property name="sun.jnu.encoding" value="Cp1252" />
    <property name="file.encoding.pkg" value="sun.io" />
    <property name="file.separator" value="\" />
    <property name="java.specification.name" value="Java Platform API Specification" />
    <property name="java.class.version" value="49.0" />
    <property name="user.country" value="US" />
    <property name="jetty.lib.dir" value="tools/servers/jetty/lib" />
    <property name="java.home" value="c:\dev\devenv\jdk1.5.0_22\jre" />
    <property name="java.vm.info" value="mixed mode" />
    <property name="plugins.dir" value="plugins" />
    <property name="ant.file" value="C:\dev\scooter_project\scooter\build.xml" />
    <property name="os.version" value="6.0" />
    <property name="javac.source" value="1.5" />
    <property name="path.separator" value=";" />
    <property name="java.vm.version" value="1.5.0_22-b03" />
    <property name="app.compile.outdir" value="webapps/blog/WEB-INF/classes" />
    <property name="jetty.startjar.name" value="tools/servers/jetty/start.jar" />
    <property name="user.variant" value="" />
    <property name="ant.library.dir" value="C:\dev\devenv\ant\lib" />
    <property name="app.dir" value="webapps/blog" />
    <property name="java.awt.printerjob" value="sun.awt.windows.WPrinterJob" />
    <property name="sun.io.unicode.encoding" value="UnicodeLittle" />
    <property name="awt.toolkit" value="sun.awt.windows.WToolkit" />
    <property name="support.dir" value="support" />
    <property name="app.src.dir" value="webapps/blog/WEB-INF/src" />
    <property name="ant.file.scooter" value="C:\dev\scooter_project\scooter\build.xml" />
    <property name="user.home" value="C:\Users\Fei" />
    <property name="app.lib.dir" value="webapps/blog/WEB-INF/lib" />
    <property name="java.specification.vendor" value="Sun Microsystems Inc." />
    <property name="createjar.name" value="create.jar" />
    <property name="java.library.path" value="c:\dev\devenv\jdk1.5.0_22\jre\bin;.;C:\Windows\system32;C:\Windows;c:\dev\devenv\jdk1.5.0_22\bin;C:\dev\devenv\oraclexe\app\oracle\product\10.2.0\server\bin;C:\Windows\system32;C:\Windows;C:\Windows\System32\Wbem;C:\hp\bin\Python;c:\dev\devenv\ant\bin;c:\dev\devenv\mysql\bin;c:\dev\bin;C:\Program Files (x86)\QuickTime\QTSystem\;C:\dev\devtools\Ruby192\bin;C:\Program Files\TortoiseSVN\bin;C:\Program Files (x86)\Subversion\bin;C:\Windows\System32\WindowsPowerShell\v1.0\;c:\Program Files (x86)\Microsoft SQL Server\100\Tools\Binn\VSShell\Common7\IDE\;c:\Program Files (x86)\Microsoft SQL Server\100\Tools\Binn\;c:\Program Files\Microsoft SQL Server\100\Tools\Binn\;c:\Program Files (x86)\Microsoft SQL Server\100\DTS\Binn\;c:\Program Files\Microsoft SQL Server\100\DTS\Binn\" />
    <property name="java.vendor.url" value="http://java.sun.com/" />
    <property name="app.unittestsrc.dir" value="webapps/blog/WEB-INF/test/unit" />
    <property name="java.vm.vendor" value="Sun Microsystems Inc." />
    <property name="java.runtime.name" value="Java(TM) 2 Runtime Environment, Standard Edition" />
    <property name="ant.version" value="Apache Ant version 1.8.1 compiled on April 30 2010" />
    <property name="java.class.path" value="C:\dev\scooter_project\scooter\lib\apache-commons\commons-fileupload-1.2.2.jar;C:\dev\scooter_project\scooter\lib\apache-commons\commons-io-1.4.jar;C:\dev\scooter_project\scooter\lib\apache-commons\commons-logging-1.1.1.jar;C:\dev\scooter_project\scooter\lib\httpclient\httpclient-4.0.1.jar;C:\dev\scooter_project\scooter\lib\httpclient\httpcore-4.0.1.jar;C:\dev\scooter_project\scooter\lib\j2ee\jta.jar;C:\dev\scooter_project\scooter\lib\j2ee\tools.jar;C:\dev\scooter_project\scooter\lib\javassist\javassist.jar;C:\dev\scooter_project\scooter\lib\jdbc-clients\c3p0-0.9.1.2.jar;C:\dev\scooter_project\scooter\lib\jdbc-clients\c3p0-oracle-thin-extras-0.9.1.2.jar;C:\dev\scooter_project\scooter\lib\jdbc-clients\h2-1.2.137.jar;C:\dev\scooter_project\scooter\lib\jdbc-clients\hsqldb-1.8.1.2.jar;C:\dev\scooter_project\scooter\lib\jdbc-clients\mysql-connector-java-5.1.13-bin.jar;C:\dev\scooter_project\scooter\lib\jdbc-clients\ojdbc5.jar;C:\dev\scooter_project\scooter\lib\jdbc-clients\postgresql-9.0-801.jdbc3.jar;C:\dev\scooter_project\scooter\lib\jdbc-clients\sqljdbc.jar;C:\dev\scooter_project\scooter\lib\json\json.jar;C:\dev\scooter_project\scooter\lib\junit\junit-4.8.2.jar;C:\dev\scooter_project\scooter\lib\log4j\log4j-1.2.15.jar;C:\dev\scooter_project\scooter\lib\markdown\markdownj-1.0.2b4-0.3.0.jar;C:\dev\scooter_project\scooter\lib\scooter.jar;C:\dev\scooter_project\scooter\lib\sitemesh\sitemesh-2.3.jar;C:\dev\scooter_project\scooter\lib\stringtemplate\antlr-2.7.7.jar;C:\dev\scooter_project\scooter\lib\stringtemplate\stringtemplate-3.2.1.jar;C:\dev\scooter_project\scooter\plugins\freemarker\lib\freemarker-2.3.16.jar;C:\dev\scooter_project\scooter\plugins\freemarker\plugin-freemarker.jar;C:\dev\scooter_project\scooter\plugins\freemarker\plugin-scooter-freemarker.jar;C:\dev\scooter_project\scooter\plugins\spymemcached\lib\memcached-2.5.jar;C:\dev\scooter_project\scooter\plugins\spymemcached\plugin-scooter-spymemcached.jar;C:\dev\scooter_project\scooter\plugins\xmemcached\lib\slf4j-api-1.5.6.jar;C:\dev\scooter_project\scooter\plugins\xmemcached\lib\slf4j-log4j12-1.5.6.jar;C:\dev\scooter_project\scooter\plugins\xmemcached\lib\xmemcached-1.2.4-bugfix.jar;C:\dev\scooter_project\scooter\plugins\xmemcached\lib\yanf4j-1.1.1.jar;C:\dev\scooter_project\scooter\plugins\xmemcached\plugin-scooter-xmemcached.jar;C:\dev\scooter_project\scooter\tools\servers\jetty\lib\jsp-2.1\jsp-2.1-glassfish-2.1.v20091210.jar;C:\dev\scooter_project\scooter\tools\servers\jetty\lib\jsp-2.1\jsp-2.1-jetty-6.1.26.jar;C:\dev\scooter_project\scooter\tools\servers\jetty\lib\jsp-2.1\jsp-api-2.1-glassfish-2.1.v20091210.jar;C:\dev\scooter_project\scooter\tools\servers\jetty\lib\servlet-api-2.5-20081211.jar;c:\dev\devenv\ant\lib\ant-launcher.jar;C:\dev\scooter_project\scooter;C:\Program Files (x86)\Java\jre1.6.0_07\lib\ext\QTJava.zip;C:\dev\devenv\ant\lib\ant-antlr.jar;C:\dev\devenv\ant\lib\ant-apache-bcel.jar;C:\dev\devenv\ant\lib\ant-apache-bsf.jar;C:\dev\devenv\ant\lib\ant-apache-log4j.jar;C:\dev\devenv\ant\lib\ant-apache-oro.jar;C:\dev\devenv\ant\lib\ant-apache-regexp.jar;C:\dev\devenv\ant\lib\ant-apache-resolver.jar;C:\dev\devenv\ant\lib\ant-apache-xalan2.jar;C:\dev\devenv\ant\lib\ant-commons-logging.jar;C:\dev\devenv\ant\lib\ant-commons-net.jar;C:\dev\devenv\ant\lib\ant-jai.jar;C:\dev\devenv\ant\lib\ant-javamail.jar;C:\dev\devenv\ant\lib\ant-jdepend.jar;C:\dev\devenv\ant\lib\ant-jmf.jar;C:\dev\devenv\ant\lib\ant-jsch.jar;C:\dev\devenv\ant\lib\ant-junit.jar;C:\dev\devenv\ant\lib\ant-netrexx.jar;C:\dev\devenv\ant\lib\ant-nodeps.jar;C:\dev\devenv\ant\lib\ant-swing.jar;C:\dev\devenv\ant\lib\ant-testutil.jar;C:\dev\devenv\ant\lib\ant.jar;c:\dev\devenv\jdk1.5.0_22\lib\tools.jar;C:\dev\scooter_project\scooter\webapps\blog\WEB-INF\classes" />
    <property name="TSTAMP" value="0245" />
    <property name="java.vm.specification.name" value="Java Virtual Machine Specification" />
    <property name="ant.file.type" value="file" />
    <property name="java.vm.specification.version" value="1.0" />
    <property name="build.outdir" value="build" />
    <property name="sun.os.patch.level" value="Service Pack 1" />
    <property name="sun.cpu.endian" value="little" />
    <property name="appPath" value="webapps/blog" />
    <property name="java.io.tmpdir" value="C:\Users\Fei\AppData\Local\Temp\" />
    <property name="scooterjar.outdir" value="lib" />
    <property name="java.vendor.url.bug" value="http://java.sun.com/cgi-bin/bugreport.cgi" />
    <property name="junitreport.outdir" value="docs/reports" />
    <property name="java.awt.graphicsenv" value="sun.awt.Win32GraphicsEnvironment" />
    <property name="os.arch" value="x86" />
    <property name="java.ext.dirs" value="c:\dev\devenv\jdk1.5.0_22\jre\lib\ext" />
    <property name="user.dir" value="C:\dev\scooter_project\scooter" />
    <property name="line.separator" value="
" />
    <property name="java.vm.name" value="Java HotSpot(TM) Client VM" />
    <property name="basedir" value="C:\dev\scooter_project\scooter" />
    <property name="generatejar.name" value="generate.jar" />
    <property name="ant.java.version" value="1.5" />
    <property name="ant.core.lib" value="C:\dev\devenv\ant\lib\ant.jar" />
    <property name="file.encoding" value="Cp1252" />
    <property name="war.outdir" value="build/war" />
    <property name="java.specification.version" value="1.5" />
    <property name="src.dir" value="source/src" />
    <property name="ant.project.invoked-targets" value="app_test_unit" />
    <property name="app.unittests.outdir" value="webapps/blog/static/docs/tests/unit" />
    <property name="app.build.outdir" value="webapps/blog/WEB-INF/build" />
    <property name="tools.dir" value="tools" />
    <property name="jetty.home" value="tools/servers/jetty" />
  </properties>
  <testcase classname="blog.models.MessageTest" name="test_dummary" time="0.0030" />
  <system-out><![CDATA[Starting unit test for webapps/blog
Initializing SCOOTER APP application ... 
           context name: scooter
               app path: C:\dev\scooter_project\scooter
 property.file.location: webapps/blog\WEB-INF\config
reference.file.location: C:\dev\scooter_project\scooter\lib
11/11/05 02:45:52,195 DEBUG PropertyFileUtil - loading properties from resource /com/scooterframework/admin/extension_mimetypes.properties
11/11/05 02:45:52,211 DEBUG AutoLoaderConfig - output class location: webapps\blog\WEB-INF\classes
11/11/05 02:45:52,211 DEBUG AutoLoaderConfig - plugins location: C:\dev\scooter_project\scooter\plugins
11/11/05 02:45:52,211 DEBUG AutoLoaderConfig - references location: C:\dev\scooter_project\scooter\lib
11/11/05 02:45:52,219 DEBUG AutoLoaderConfig - class path: webapps\blog\WEB-INF\classes;C:\dev\scooter_project\scooter\lib\scooter.jar;C:\dev\scooter_project\scooter\plugins\freemarker\lib\freemarker-2.3.16.jar;C:\dev\scooter_project\scooter\plugins\freemarker\plugin-freemarker.jar;C:\dev\scooter_project\scooter\plugins\freemarker\plugin-scooter-freemarker.jar;C:\dev\scooter_project\scooter\plugins\spymemcached\lib\memcached-2.5.jar;C:\dev\scooter_project\scooter\plugins\spymemcached\plugin-scooter-spymemcached.jar;C:\dev\scooter_project\scooter\plugins\xmemcached\lib\slf4j-api-1.5.6.jar;C:\dev\scooter_project\scooter\plugins\xmemcached\lib\slf4j-log4j12-1.5.6.jar;C:\dev\scooter_project\scooter\plugins\xmemcached\lib\xmemcached-1.2.4-bugfix.jar;C:\dev\scooter_project\scooter\plugins\xmemcached\lib\yanf4j-1.1.1.jar;C:\dev\scooter_project\scooter\plugins\xmemcached\plugin-scooter-xmemcached.jar;C:\dev\scooter_project\scooter\lib\apache-commons\commons-fileupload-1.2.2.jar;C:\dev\scooter_project\scooter\lib\apache-commons\commons-io-1.4.jar;C:\dev\scooter_project\scooter\lib\apache-commons\commons-logging-1.1.1.jar;C:\dev\scooter_project\scooter\lib\httpclient\httpclient-4.0.1.jar;C:\dev\scooter_project\scooter\lib\httpclient\httpcore-4.0.1.jar;C:\dev\scooter_project\scooter\lib\j2ee\jta.jar;C:\dev\scooter_project\scooter\lib\j2ee\tools.jar;C:\dev\scooter_project\scooter\lib\javassist\javassist.jar;C:\dev\scooter_project\scooter\lib\jdbc-clients\c3p0-0.9.1.2.jar;C:\dev\scooter_project\scooter\lib\jdbc-clients\c3p0-oracle-thin-extras-0.9.1.2.jar;C:\dev\scooter_project\scooter\lib\jdbc-clients\h2-1.2.137.jar;C:\dev\scooter_project\scooter\lib\jdbc-clients\hsqldb-1.8.1.2.jar;C:\dev\scooter_project\scooter\lib\jdbc-clients\mysql-connector-java-5.1.13-bin.jar;C:\dev\scooter_project\scooter\lib\jdbc-clients\ojdbc5.jar;C:\dev\scooter_project\scooter\lib\jdbc-clients\postgresql-9.0-801.jdbc3.jar;C:\dev\scooter_project\scooter\lib\jdbc-clients\sqljdbc.jar;C:\dev\scooter_project\scooter\lib\json\json.jar;C:\dev\scooter_project\scooter\lib\junit\junit-4.8.2.jar;C:\dev\scooter_project\scooter\lib\log4j\log4j-1.2.15.jar;C:\dev\scooter_project\scooter\lib\markdown\markdownj-1.0.2b4-0.3.0.jar;C:\dev\scooter_project\scooter\lib\sitemesh\sitemesh-2.3.jar;C:\dev\scooter_project\scooter\lib\stringtemplate\antlr-2.7.7.jar;C:\dev\scooter_project\scooter\lib\stringtemplate\stringtemplate-3.2.1.jar;C:\dev\scooter_project\scooter\support\js\bsf-2.4.0.jar;C:\dev\scooter_project\scooter\support\js\js.jar;C:\dev\scooter_project\scooter\support\servlet-api-2.5-20081211.jar;
11/11/05 02:45:52,287 DEBUG AutoLoaderConfig - source file location: webapps\blog\WEB-INF\src
11/11/05 02:45:52,291 DEBUG AutoLoaderConfig - compiler forbidden files: [com.sun., javax., org.apache., com.scooterframework., java.]
11/11/05 02:45:52,425 DEBUG DatabaseConfig - created ds for blog_development with properties: {acquireIncrement=3, maxPoolSize=10, maxIdleTime=0, minPoolSize=1, initialPoolSize=3}
11/11/05 02:45:52,438 DEBUG DatabaseConfig - created ds for blog_production with properties: {acquireIncrement=3, maxPoolSize=10, maxIdleTime=0, minPoolSize=1, initialPoolSize=3}
11/11/05 02:45:52,448 DEBUG DatabaseConfig - created ds for blog_test with properties: {acquireIncrement=3, maxPoolSize=10, maxIdleTime=0, minPoolSize=1, initialPoolSize=3}
11/11/05 02:45:52,499 DEBUG SqlConfig - Loaded sql properties: {}
11/11/05 02:45:52,518 DEBUG MessageResourcesManager - loaded locale: en_US
11/11/05 02:46:50,878  INFO ApplicationConfig - Application started in DEVELOPMENT with Scooter version: 1.2.x (build 1210)
Scooter automatically switched to TEST environment.
Scooter automatically switched to test database "blog_test" for testing.
11/11/05 02:46:50,891 DEBUG ConnectionUtil - pool connecting to database represented by blog_test
11/11/05 02:46:51,243  INFO ApplicationConfig - Application ended.
]]></system-out>
  <system-err><![CDATA[log4j:WARN No appenders could be found for logger (com.mchange.v2.log.MLog).
log4j:WARN Please initialize the log4j system properly.
]]></system-err>
</testsuite>
